<?xml version="1.0" encoding="UTF-8"?>
<testng-results ignored="0" total="1" passed="1" failed="0" skipped="0">
  <reporter-output>
  </reporter-output>
  <suite started-at="2022-01-05T07:48:28 AST" name="TestSuite" finished-at="2022-01-05T07:48:59 AST" duration-ms="31538">
    <groups>
    </groups>
    <test started-at="2022-01-05T07:48:28 AST" name="Regression1" finished-at="2022-01-05T07:48:59 AST" duration-ms="31538">
      <class name="tests.AutomationPractice">
        <test-method is-config="true" signature="init()[pri:0, instance:tests.AutomationPractice@437da279]" started-at="2022-01-05T07:48:23 AST" name="init" finished-at="2022-01-05T07:48:28 AST" duration-ms="4165" status="PASS">
          <reporter-output>
          </reporter-output>
        </test-method> <!-- init -->
        <test-method is-config="true" signature="beforeMethod(java.lang.reflect.Method)[pri:0, instance:tests.AutomationPractice@437da279]" started-at="2022-01-05T07:48:28 AST" name="beforeMethod" finished-at="2022-01-05T07:48:28 AST" duration-ms="5" status="PASS">
          <params>
            <param index="0">
              <value>
                <![CDATA[public void tests.AutomationPractice.createAccountFails()]]>
              </value>
            </param>
          </params>
          <reporter-output>
          </reporter-output>
        </test-method> <!-- beforeMethod -->
        <test-method signature="createAccountFails()[pri:0, instance:tests.AutomationPractice@437da279]" started-at="2022-01-05T07:48:28 AST" name="createAccountFails" finished-at="2022-01-05T07:48:59 AST" duration-ms="31244" status="PASS">
          <reporter-output>
          </reporter-output>
        </test-method> <!-- createAccountFails -->
        <test-method is-config="true" signature="afterMethod(org.testng.ITestResult)[pri:0, instance:tests.AutomationPractice@437da279]" started-at="2022-01-05T07:48:59 AST" name="afterMethod" finished-at="2022-01-05T07:48:59 AST" duration-ms="265" status="PASS">
          <params>
            <param index="0">
              <value>
                <![CDATA[[TestResult name=createAccountFails status=SUCCESS method=AutomationPractice.createAccountFails()[pri:0, instance:tests.AutomationPractice@437da279] output={null}]]]>
              </value>
            </param>
          </params>
          <reporter-output>
          </reporter-output>
        </test-method> <!-- afterMethod -->
        <test-method is-config="true" signature="cleanup()[pri:0, instance:tests.AutomationPractice@437da279]" started-at="2022-01-05T07:48:59 AST" name="cleanup" finished-at="2022-01-05T07:49:00 AST" duration-ms="722" status="PASS">
          <reporter-output>
          </reporter-output>
        </test-method> <!-- cleanup -->
      </class> <!-- tests.AutomationPractice -->
    </test> <!-- Regression1 -->
  </suite> <!-- TestSuite -->
</testng-results>
